[2025/02/25 14:42:47]: §9          __             _       
[2025/02/25 14:42:47]: §9  _ __   / /  ___   __ _(_)_ __  
[2025/02/25 14:42:47]: §9 | '_ \ / /  / _ \ / _` | | '_ \ 
[2025/02/25 14:42:47]: §9 | | | / /__| (_) | (_| | | | | |
[2025/02/25 14:42:47]: §9 |_| |_\____/\___/ \__, |_|_| |_|
[2025/02/25 14:42:47]: §9                  |___/            
[2025/02/25 14:42:47]: §9 By: www.nickuc.com - V 10.4.21
[2025/02/25 14:42:47]: §9 
[2025/02/25 14:42:48]: §3[nLogin] [DEBUG] All settings were loaded in 115 ms.
[2025/02/25 14:42:48]: §3[nLogin] [DEBUG] Loading the messages_en.yml message file...
[2025/02/25 14:42:48]: §3[nLogin] [DEBUG] All plugin messages were loaded in 66 ms (languageByClient=false).
[2025/02/25 14:42:48]: §3[nLogin] [DEBUG] All proxy settings were loaded in 2 ms.
[2025/02/25 14:42:48]: §3[nLogin] [DEBUG] Loading database...
[2025/02/25 14:42:48]: §3[nLogin] [DEBUG] Starting logger filter...
[2025/02/25 14:43:10]: 
[2025/02/25 14:43:10]:  §bThank you so much for choosing nLogin! §4<3
[2025/02/25 14:43:10]: 
[2025/02/25 14:43:10]:  §4For your safety, please read the message below:
[2025/02/25 14:43:10]:   §cNever download nLogin from unknown sources.
[2025/02/25 14:43:10]:   §cA modified version may contain malicious software.
[2025/02/25 14:43:10]: 
[2025/02/25 14:43:10]:  §3Trusted sources:
[2025/02/25 14:43:10]:   §bwww.nickuc.com
[2025/02/25 14:43:10]:   §bwww.github.com/nickuc
[2025/02/25 14:43:10]:   §bOpeNLogin installer (from Spigot or GitHub)
[2025/02/25 14:43:10]: 
[2025/02/25 14:43:10]:  §3Official support channels:
[2025/02/25 14:43:10]:   §bDiscord group: §fwww.nickuc.com/discord
[2025/02/25 14:43:10]:   §bDocumentation: §fdocs.nickuc.com/nlogin/
[2025/02/25 14:43:10]:   §bEmail: §fsupport@nickuc.com
[2025/02/25 14:43:10]:   §bYouTube: §fyoutube.com/nickuc
[2025/02/25 14:43:10]: 
[2025/02/25 14:43:10]:  §eTo remove this warning, log in with "nlogin.admin" permission on the server
[2025/02/25 14:43:10]:  §eand click the "Setup plugin" button to configure your plugin.
[2025/02/25 14:43:10]: 
[2025/02/25 14:43:34]: [nLogin] The user Pekora_UwU has successfully logged in.
[2025/02/25 14:44:41]: §3[nLogin] [DEBUG] [SQLite] [UPDATE]: "UPDATE `nlogin` SET `last_name` = 'Pekora_UwU', `unique_id` = 2ba9f7b01af93ae791726c0ec42ae8de,  `mojang_id` = null,  `bedrock_id` = null,  `password` = '$2a$10$BBcxw2LyhOfZq7UuyXSR1OrghVSexx7fhcacBNJoB7tArwRPBSmG2', `last_ip` = '127.0.0.1', `creation_date` = 2025-02-25 13:11:14.315, `last_seen` = 2025-02-25 14:44:41.834, `email` = null, `discord` = null, `settings` = '{"settings":[{"value":"en","key":"language"}],"version":0}' WHERE `ai` = 1" (applied to [last_ip, last_seen, settings] columns)
[2025/02/25 14:51:46]: §3[nLogin] [DEBUG] [SQLite] [UPDATE]: "UPDATE `nlogin` SET `last_name` = 'Pekora_UwU', `unique_id` = 2ba9f7b01af93ae791726c0ec42ae8de,  `mojang_id` = null,  `bedrock_id` = null,  `password` = '$2a$10$BBcxw2LyhOfZq7UuyXSR1OrghVSexx7fhcacBNJoB7tArwRPBSmG2', `last_ip` = '127.0.0.1', `creation_date` = 2025-02-25 13:11:14.315, `last_seen` = 2025-02-25 14:51:46.533, `email` = null, `discord` = null, `settings` = '{"settings":[{"value":"en","key":"language"}],"version":0}' WHERE `ai` = 1" (applied to [last_seen, settings] columns)
[2025/02/25 14:51:49]: [nLogin] Successful plugin core shutdown (took 0.00s)
