[2025/02/25 14:02:44]: §9          __             _       
[2025/02/25 14:02:44]: §9  _ __   / /  ___   __ _(_)_ __  
[2025/02/25 14:02:44]: §9 | '_ \ / /  / _ \ / _` | | '_ \ 
[2025/02/25 14:02:44]: §9 | | | / /__| (_) | (_| | | | | |
[2025/02/25 14:02:44]: §9 |_| |_\____/\___/ \__, |_|_| |_|
[2025/02/25 14:02:44]: §9                  |___/            
[2025/02/25 14:02:44]: §9 By: www.nickuc.com - V 10.4.21
[2025/02/25 14:02:44]: §9 
[2025/02/25 14:02:44]: §3[nLogin] [DEBUG] All settings were loaded in 127 ms.
[2025/02/25 14:02:44]: §3[nLogin] [DEBUG] Loading the messages_en.yml message file...
[2025/02/25 14:02:44]: §3[nLogin] [DEBUG] All plugin messages were loaded in 74 ms (languageByClient=false).
[2025/02/25 14:02:44]: §3[nLogin] [DEBUG] All proxy settings were loaded in 2 ms.
[2025/02/25 14:02:44]: §3[nLogin] [DEBUG] Loading database...
[2025/02/25 14:02:45]: §3[nLogin] [DEBUG] Starting logger filter...
[2025/02/25 14:03:14]: 
[2025/02/25 14:03:14]:  §bThank you so much for choosing nLogin! §4<3
[2025/02/25 14:03:14]: 
[2025/02/25 14:03:14]:  §4For your safety, please read the message below:
[2025/02/25 14:03:14]:   §cNever download nLogin from unknown sources.
[2025/02/25 14:03:14]:   §cA modified version may contain malicious software.
[2025/02/25 14:03:14]: 
[2025/02/25 14:03:14]:  §3Trusted sources:
[2025/02/25 14:03:14]:   §bwww.nickuc.com
[2025/02/25 14:03:14]:   §bwww.github.com/nickuc
[2025/02/25 14:03:14]:   §bOpeNLogin installer (from Spigot or GitHub)
[2025/02/25 14:03:14]: 
[2025/02/25 14:03:14]:  §3Official support channels:
[2025/02/25 14:03:14]:   §bDiscord group: §fwww.nickuc.com/discord
[2025/02/25 14:03:14]:   §bDocumentation: §fdocs.nickuc.com/nlogin/
[2025/02/25 14:03:14]:   §bEmail: §fsupport@nickuc.com
[2025/02/25 14:03:14]:   §bYouTube: §fyoutube.com/nickuc
[2025/02/25 14:03:14]: 
[2025/02/25 14:03:14]:  §eTo remove this warning, log in with "nlogin.admin" permission on the server
[2025/02/25 14:03:14]:  §eand click the "Setup plugin" button to configure your plugin.
[2025/02/25 14:03:14]: 
[2025/02/25 14:05:35]: [nLogin] Successful plugin core shutdown (took 0.01s)
