[2025/02/25 13:07:56]: §9          __             _       
[2025/02/25 13:07:56]: §9  _ __   / /  ___   __ _(_)_ __  
[2025/02/25 13:07:56]: §9 | '_ \ / /  / _ \ / _` | | '_ \ 
[2025/02/25 13:07:56]: §9 | | | / /__| (_) | (_| | | | | |
[2025/02/25 13:07:56]: §9 |_| |_\____/\___/ \__, |_|_| |_|
[2025/02/25 13:07:56]: §9                  |___/            
[2025/02/25 13:07:56]: §9 By: www.nickuc.com - V 10.4.21
[2025/02/25 13:07:56]: §9 
[2025/02/25 13:07:56]: §3[nLogin] [DEBUG] The config.yml file was created successfully.
[2025/02/25 13:07:57]: §3[nLogin] [DEBUG] All settings were loaded in 1480 ms.
[2025/02/25 13:07:57]: §3[nLogin] [DEBUG] Loading the messages_en.yml message file...
[2025/02/25 13:07:57]: §3[nLogin] [DEBUG] All plugin messages were loaded in 72 ms (languageByClient=false).
[2025/02/25 13:07:57]: §3[nLogin] [DEBUG] All proxy settings were loaded in 2 ms.
[2025/02/25 13:07:57]: §3[nLogin] [DEBUG] Loading database...
[2025/02/25 13:07:58]: [nLogin] Generating RSA keypair... (this may take a while)
[2025/02/25 13:07:59]: [nLogin] The RSA key pair was successfully generated. Took 1.61s
[2025/02/25 13:07:59]: §3[nLogin] [DEBUG] Starting logger filter...
[2025/02/25 13:09:09]: 
[2025/02/25 13:09:09]:  §bThank you so much for choosing nLogin! §4<3
[2025/02/25 13:09:09]: 
[2025/02/25 13:09:09]:  §4For your safety, please read the message below:
[2025/02/25 13:09:09]:   §cNever download nLogin from unknown sources.
[2025/02/25 13:09:09]:   §cA modified version may contain malicious software.
[2025/02/25 13:09:09]: 
[2025/02/25 13:09:09]:  §3Trusted sources:
[2025/02/25 13:09:09]:   §bwww.nickuc.com
[2025/02/25 13:09:09]:   §bwww.github.com/nickuc
[2025/02/25 13:09:09]:   §bOpeNLogin installer (from Spigot or GitHub)
[2025/02/25 13:09:09]: 
[2025/02/25 13:09:09]:  §3Official support channels:
[2025/02/25 13:09:09]:   §bDiscord group: §fwww.nickuc.com/discord
[2025/02/25 13:09:09]:   §bDocumentation: §fdocs.nickuc.com/nlogin/
[2025/02/25 13:09:09]:   §bEmail: §fsupport@nickuc.com
[2025/02/25 13:09:09]:   §bYouTube: §fyoutube.com/nickuc
[2025/02/25 13:09:09]: 
[2025/02/25 13:09:09]:  §eTo remove this warning, log in with "nlogin.admin" permission on the server
[2025/02/25 13:09:09]:  §eand click the "Setup plugin" button to configure your plugin.
[2025/02/25 13:09:09]: 
[2025/02/25 13:11:14]: §3[nLogin] [DEBUG] [SQLite] [UPDATE]: "INSERT INTO `nlogin` (`last_name`, `unique_id`, `mojang_id`, `bedrock_id`, `password`, `last_ip`, `creation_date`, `last_seen`, `email`, `discord`, `settings`) VALUES ('Pekora_UwU', 2ba9f7b01af93ae791726c0ec42ae8de, null, null, '$2a$10$BBcxw2LyhOfZq7UuyXSR1OrghVSexx7fhcacBNJoB7tArwRPBSmG2', '127.0.0.1', '2025-02-25 13:11:14.315', '2025-02-25 13:11:14.315', null, null, '{"settings":[{"value":true,"key":"force-invalid-session"}],"version":0}')" (applied to all columns)
[2025/02/25 13:11:14]: [nLogin] The user Pekora_UwU has successfully registered.
[2025/02/25 13:13:29]: §3[nLogin] [DEBUG] [SQLite] [UPDATE]: "UPDATE `nlogin` SET `last_name` = 'Pekora_UwU', `unique_id` = 2ba9f7b01af93ae791726c0ec42ae8de,  `mojang_id` = null,  `bedrock_id` = null,  `password` = '$2a$10$BBcxw2LyhOfZq7UuyXSR1OrghVSexx7fhcacBNJoB7tArwRPBSmG2', `last_ip` = '127.0.0.1', `creation_date` = 2025-02-25 13:11:14.315, `last_seen` = 2025-02-25 13:13:29.218, `email` = null, `discord` = null, `settings` = '{"settings":[{"value":true,"key":"force-invalid-session"},{"value":"en","key":"language"}],"version":0}' WHERE `ai` = 1" (applied to [last_seen, settings] columns)
[2025/02/25 13:16:24]: [nLogin] Successful plugin core shutdown (took 0.00s)
