[06:23:15] [ServerMain/ERROR]: [DirectoryProviderSource] Error loading plugin: main is not defined
org.bukkit.plugin.InvalidDescriptionException: main is not defined
	at org.bukkit.plugin.PluginDescriptionFile.loadMap(PluginDescriptionFile.java:1101) ~[paper-api-1.20.4-R0.1-SNAPSHOT.jar:?]
	at org.bukkit.plugin.PluginDescriptionFile.<init>(PluginDescriptionFile.java:328) ~[paper-api-1.20.4-R0.1-SNAPSHOT.jar:?]
	at io.papermc.paper.plugin.provider.type.spigot.SpigotPluginProviderFactory.create(SpigotPluginProviderFactory.java:37) ~[paper-1.20.4.jar:git-Paper-497]
	at io.papermc.paper.plugin.provider.type.spigot.SpigotPluginProviderFactory.create(SpigotPluginProviderFactory.java:16) ~[paper-1.20.4.jar:git-Paper-497]
	at io.papermc.paper.plugin.provider.type.PluginFileType.getConfig(PluginFileType.java:77) ~[paper-1.20.4.jar:git-Paper-497]
	at io.papermc.paper.plugin.provider.type.PluginFileType.register(PluginFileType.java:70) ~[paper-1.20.4.jar:git-Paper-497]
	at io.papermc.paper.plugin.provider.source.FileProviderSource.registerProviders(FileProviderSource.java:74) ~[paper-1.20.4.jar:git-Paper-497]
	at io.papermc.paper.plugin.provider.source.DirectoryProviderSource.registerProviders(DirectoryProviderSource.java:47) ~[paper-1.20.4.jar:git-Paper-497]
	at io.papermc.paper.plugin.provider.source.DirectoryProviderSource.registerProviders(DirectoryProviderSource.java:17) ~[paper-1.20.4.jar:git-Paper-497]
	at io.papermc.paper.plugin.util.EntrypointUtil.registerProvidersFromSource(EntrypointUtil.java:15) ~[paper-1.20.4.jar:git-Paper-497]
	at io.papermc.paper.plugin.PluginInitializerManager.load(PluginInitializerManager.java:101) ~[paper-1.20.4.jar:git-Paper-497]
	at net.minecraft.server.Main.main(Main.java:120) ~[paper-1.20.4.jar:git-Paper-497]
	at org.bukkit.craftbukkit.Main.main(Main.java:326) ~[paper-1.20.4.jar:git-Paper-497]
	at io.papermc.paperclip.Paperclip.lambda$main$0(Paperclip.java:42) ~[app:?]
	at java.lang.Thread.run(Thread.java:1583) ~[?:?]
Caused by: java.lang.NullPointerException: Cannot invoke "Object.toString()" because the return value of "java.util.Map.get(Object)" is null
	at org.bukkit.plugin.PluginDescriptionFile.loadMap(PluginDescriptionFile.java:1096) ~[paper-api-1.20.4-R0.1-SNAPSHOT.jar:?]
	... 14 more
[06:23:19] [ServerMain/INFO]: Environment: Environment[sessionHost=https://sessionserver.mojang.com, servicesHost=https://api.minecraftservices.com, name=PROD]
[06:23:19] [ServerMain/INFO]: Found new data pack file/bukkit, loading it automatically
[06:23:20] [ServerMain/INFO]: No existing world data, creating new world
[06:23:21] [ServerMain/INFO]: Loaded 1174 recipes
[06:23:21] [ServerMain/INFO]: Loaded 1271 advancements
[06:23:21] [Server thread/INFO]: Starting minecraft server version 1.20.4
[06:23:21] [Server thread/INFO]: Loading properties
[06:23:21] [Server thread/INFO]: This server is running Paper version git-Paper-497 (MC: 1.20.4) (Implementing API version 1.20.4-R0.1-SNAPSHOT) (Git: d8d54d9 on ver/1.20.4)
[06:23:22] [Server thread/INFO]: Server Ping Player Sample Count: 12
[06:23:22] [Server thread/INFO]: Using 4 threads for Netty based IO
[06:23:22] [Server thread/INFO]: [ChunkTaskScheduler] Chunk system is using 1 I/O threads, 1 worker threads, and gen parallelism of 1 threads
[06:23:22] [Server thread/WARN]: [!] The timings profiler has been enabled but has been scheduled for removal from Paper in the future.
    We recommend installing the spark profiler as a replacement: https://spark.lucko.me/
    For more information please visit: https://github.com/PaperMC/Paper/issues/8948
[06:23:22] [Server thread/INFO]: Default game type: SURVIVAL
[06:23:22] [Server thread/INFO]: Generating keypair
[06:23:22] [Server thread/INFO]: Starting Minecraft server on *:25565
[06:23:23] [Server thread/INFO]: Using epoll channel type
[06:23:23] [Server thread/INFO]: Paper: Using libdeflate (Linux x86_64) compression from Velocity.
[06:23:23] [Server thread/INFO]: Paper: Using OpenSSL 1.1.x (Linux x86_64) cipher from Velocity.
[06:23:23] [Server thread/INFO]: [ViaVersion] Loading server plugin ViaVersion v5.0.1
[06:23:23] [Server thread/INFO]: [ViaVersion] ViaVersion 5.0.1 is now loaded. Registering protocol transformers and injecting...
[06:23:24] [Via-Mappingloader-0/INFO]: [ViaVersion] Loading block connection mappings ...
[06:23:24] [Via-Mappingloader-0/INFO]: [ViaVersion] Using FastUtil Long2ObjectOpenHashMap for block connections
[06:23:24] [Server thread/INFO]: [ViaBackwards] Loading translations...
[06:23:24] [Server thread/INFO]: [ViaBackwards] Registering protocols...
[06:23:25] [Server thread/INFO]: [ViaRewind] Registering protocols...
[06:23:25] [Server thread/INFO]: [LuckPerms] Loading server plugin LuckPerms v5.4.137
[06:23:27] [Server thread/INFO]: [TabTPS] Loading server plugin TabTPS v1.3.24
[06:23:27] [Server thread/INFO]: [FastAsyncWorldEdit] Loading server plugin FastAsyncWorldEdit v2.11.1-SNAPSHOT-846;514da16
[06:23:27] [Server thread/INFO]: Default configuration file written: worldedit-config.yml
[06:23:28] [Server thread/INFO]: Got request to register class com.sk89q.worldedit.bukkit.BukkitServerInterface with WorldEdit [com.sk89q.worldedit.extension.platform.PlatformManager@481f8598]
[06:23:28] [Server thread/INFO]: [ViaBackwards] Loading server plugin ViaBackwards v5.0.1
[06:23:28] [Server thread/INFO]: [Essentials] Loading server plugin Essentials v2.20.1
[06:23:28] [Server thread/INFO]: [EliteMobs] Loading server plugin EliteMobs v8.7.16
[06:23:28] [Server thread/WARN]: [EliteMobs] Error loading WorldGuard. EliteMob-specific flags will not work. Except if you just reloaded the plugin, in which case they will totally work.
[06:23:28] [Server thread/INFO]: [ViaRewind] Loading server plugin ViaRewind v4.0.1
[06:23:28] [Server thread/INFO]: [EssentialsChat] Loading server plugin EssentialsChat v2.20.1
[06:23:28] [Server thread/INFO]: [spark] Loading server plugin spark v1.10.71
[06:23:28] [Server thread/INFO]: [Images] Loading server plugin Images v2.4.0
[06:23:28] [Server thread/INFO]: [BetterStructures] Loading server plugin BetterStructures v1.6.11
[06:23:28] [Server thread/INFO]: [BetterStructures] WorldGuard is not enabled! WorldGuard is recommended when using the EliteMobs integration.
[06:23:28] [Server thread/INFO]: [playit-gg] Loading server plugin playit-gg v0.1.4
[06:23:28] [Server thread/INFO]: [ViaRewind-Legacy-Support] Loading server plugin ViaRewind-Legacy-Support v1.5.1
[06:23:28] [Server thread/INFO]: [EssentialsSpawn] Loading server plugin EssentialsSpawn v2.20.1
[06:23:28] [Server thread/INFO]: [SkinsRestorer] Loading server plugin SkinsRestorer v15.0.15
[06:23:28] [Server thread/INFO]: [VeinMiner] Loading server plugin VeinMiner v2.2.4
[06:23:28] [Server thread/INFO]: [LuckPerms] Enabling LuckPerms v5.4.137
[06:23:28] [Server thread/INFO]:         __    
[06:23:28] [Server thread/INFO]:   |    |__)   LuckPerms v5.4.137
[06:23:28] [Server thread/INFO]:   |___ |      Running on Bukkit - Paper
[06:23:28] [Server thread/INFO]: 
[06:23:28] [Server thread/INFO]: [LuckPerms] Loading configuration...
[06:23:29] [Server thread/INFO]: [LuckPerms] Loading storage provider... [H2]
[06:23:29] [Server thread/INFO]: [LuckPerms] Loading internal permission managers...
[06:23:30] [Server thread/INFO]: [LuckPerms] Performing initial data load...
[06:23:30] [Server thread/INFO]: [LuckPerms] Successfully enabled. (took 1894ms)
[06:23:30] [Server thread/INFO]: [FastAsyncWorldEdit] Enabling FastAsyncWorldEdit v2.11.1-SNAPSHOT-846;514da16
[06:23:30] [Server thread/INFO]: [com.fastasyncworldedit.core.Fawe] LZ4 Compression Binding loaded successfully
[06:23:30] [Server thread/INFO]: [com.fastasyncworldedit.core.Fawe] ZSTD Compression Binding loaded successfully
[06:23:30] [Server thread/INFO]: Registering commands with com.sk89q.worldedit.bukkit.BukkitServerInterface
[06:23:30] [Server thread/INFO]: WEPIF: Updated config file
[06:23:30] [Server thread/INFO]: WEPIF: Using the Bukkit Permissions API.
[06:23:30] [Server thread/INFO]: Using com.sk89q.worldedit.bukkit.adapter.impl.fawe.v1_20_R3.PaperweightFaweAdapter as the Bukkit adapter
[06:23:31] [Server thread/INFO]: [ViaRewind] Enabling ViaRewind v4.0.1
[06:23:31] [Server thread/INFO]: [SkinsRestorer] Enabling SkinsRestorer v15.0.15
[06:23:32] [Server thread/INFO]: [SkinsRestorer] Running on Minecraft 1.20.4.
[06:23:32] [Server thread/INFO]: [SkinsRestorer] Using paper join listener!
[06:23:32] [Server thread/WARN]: **** SERVER IS RUNNING IN OFFLINE/INSECURE MODE!
[06:23:32] [Server thread/WARN]: The server will make no attempt to authenticate usernames. Beware.
[06:23:32] [Server thread/WARN]: While this makes the game possible to play without internet access, it also opens up the ability for hackers to connect with any username they choose.
[06:23:32] [Server thread/WARN]: To change this, set "online-mode" to "true" in the server.properties file.
[06:23:32] [Server thread/INFO]: Preparing level "world"
[06:23:32] [Folia Async Scheduler Thread #1/INFO]: [SkinsRestorer] ----------------------------------------------
[06:23:32] [Folia Async Scheduler Thread #1/INFO]: [SkinsRestorer]     +==================+
[06:23:32] [Folia Async Scheduler Thread #1/INFO]: [SkinsRestorer]     |   SkinsRestorer  |
[06:23:32] [Folia Async Scheduler Thread #1/INFO]: [SkinsRestorer]     |------------------|
[06:23:32] [Folia Async Scheduler Thread #1/INFO]: [SkinsRestorer]     |  Standalone Mode |
[06:23:32] [Folia Async Scheduler Thread #1/INFO]: [SkinsRestorer]     +==================+
[06:23:32] [Folia Async Scheduler Thread #1/INFO]: [SkinsRestorer] ----------------------------------------------
[06:23:32] [Folia Async Scheduler Thread #1/INFO]: [SkinsRestorer]     Version: 15.0.15
[06:23:32] [Folia Async Scheduler Thread #1/INFO]: [SkinsRestorer]     Commit: fcfa8b9
[06:23:32] [Folia Async Scheduler Thread #1/INFO]: [SkinsRestorer]     This is the latest version!
[06:23:32] [Folia Async Scheduler Thread #1/INFO]: [SkinsRestorer] ----------------------------------------------
[06:23:32] [Folia Async Scheduler Thread #2/ERROR]: [SkinsRestorer] Error getting Eclipse UUID
[06:23:43] [Server thread/INFO]: Preparing start region for dimension minecraft:overworld
[06:23:43] [Server thread/INFO]: Time elapsed: 186 ms
[06:23:43] [Server thread/INFO]: Preparing start region for dimension minecraft:the_nether
[06:23:43] [Server thread/INFO]: Time elapsed: 70 ms
[06:23:43] [Server thread/INFO]: Preparing start region for dimension minecraft:the_end
[06:23:43] [Server thread/INFO]: Time elapsed: 68 ms
[06:23:43] [Server thread/INFO]: [ViaVersion] Enabling ViaVersion v5.0.1
[06:23:43] [Server thread/INFO]: [ViaVersion] ViaVersion detected server version: 1.20.3-1.20.4 (765)
[06:23:43] [Server thread/INFO]: [TabTPS] Enabling TabTPS v1.3.24
[06:23:44] [Server thread/INFO]: [ViaBackwards] Enabling ViaBackwards v5.0.1
[06:23:44] [Server thread/INFO]: [Essentials] Enabling Essentials v2.20.1
[06:23:44] [Server thread/ERROR]: [Essentials] You are running an unsupported server version!
[06:23:44] [Server thread/INFO]: [Essentials] Creating config from template: plugins/Essentials/config.yml
[06:23:44] [Server thread/WARN]: [Essentials] Missing userdata folder, aborting
[06:23:44] [Server thread/INFO]: [Essentials] Creating config from template: plugins/Essentials/kits.yml
[06:23:44] [Server thread/INFO]: [Essentials] Attempting to convert old kits in config.yml to new kits.yml
[06:23:44] [Server thread/INFO]: [Essentials] No kits found to migrate.
[06:23:44] [Server thread/INFO]: [Essentials] Starting Essentials ban format conversion
[06:23:44] [Server thread/INFO]: [Essentials] Attempting to migrate ignore list to UUIDs
[06:23:44] [Server thread/INFO]: [Essentials] Attempting to migrate legacy userdata keys to Configurate
[06:23:44] [Server thread/INFO]: [Essentials] Creating config from template: plugins/Essentials/worth.yml
[06:23:44] [Server thread/INFO]: [Essentials] Creating config from template: plugins/Essentials/tpr.yml
[06:23:44] [Server thread/INFO]: [Essentials] Loaded 39094 items from items.json.
[06:23:44] [Server thread/INFO]: [Essentials] Creating config from template: plugins/Essentials/custom_items.yml
[06:23:44] [Server thread/INFO]: [Essentials] Using locale en
[06:23:45] [Server thread/INFO]: [Essentials] ServerListPingEvent: Spigot iterator API
[06:23:45] [Server thread/INFO]: [Essentials] Starting Metrics. Opt-out using the global bStats config.
[06:23:45] [Server thread/WARN]: [Essentials] Detected supported permissions plugin LuckPerms without Vault installed.
[06:23:45] [Server thread/WARN]: [Essentials] Features such as chat prefixes/suffixes and group-related functionality will not work until you install Vault.
[06:23:45] [Server thread/INFO]: [Essentials] Using superperms-based permissions.
[06:23:45] [Server thread/INFO]: [EliteMobs] Enabling EliteMobs v8.7.16
[06:23:45] [Server thread/INFO]:  _____ _     _____ _____ ________  ______________  _____
[06:23:45] [Server thread/INFO]: |  ___| |   |_   _|_   _|  ___|  \/  |  _  | ___ \/  ___|
[06:23:45] [Server thread/INFO]: | |__ | |     | |   | | | |__ | .  . | | | | |_/ /\ `--.
[06:23:45] [Server thread/INFO]: |  __|| |     | |   | | |  __|| |\/| | | | | ___ \ `--. \
[06:23:45] [Server thread/INFO]: | |___| |_____| |_  | | | |___| |  | \ \_/ / |_/ //\__/ /
[06:23:45] [Server thread/INFO]: \____/\_____/\___/  \_/ \____/\_|  |_/\___/\____/ \____/
[06:23:45] [Server thread/INFO]: By MagmaGuy - v. 8.7.16
[06:23:45] [Server thread/INFO]: [EliteMobs] org.bukkit.craftbukkit.v1_20_R3
[06:23:45] [Server thread/INFO]: [EliteMobs] Format: com.magmaguy.easyminecraftgoals.v1_20_R3.NMSAdapter
[06:23:45] [Server thread/INFO]: [EliteMobs] Supported server version detected: v1_20_R3
[06:23:45] [Server thread/INFO]: [EliteMobs] New default max health set correctly!
[06:23:45] [Server thread/INFO]: [com.magmaguy.shaded.reflections.Reflections] Reflections took 59 ms to scan 1 urls, producing 1 keys and 14 values
[06:23:45] [Server thread/INFO]: [com.magmaguy.shaded.reflections.Reflections] Reflections took 20 ms to scan 1 urls, producing 1 keys and 56 values
[06:23:45] [Server thread/INFO]: [com.magmaguy.shaded.reflections.Reflections] Reflections took 17 ms to scan 1 urls, producing 1 keys and 15 values
[06:23:45] [Server thread/INFO]: [com.magmaguy.shaded.reflections.Reflections] Reflections took 18 ms to scan 1 urls, producing 1 keys and 71 values
[06:23:45] [Server thread/INFO]: [com.magmaguy.shaded.reflections.Reflections] Reflections took 35 ms to scan 1 urls, producing 10 keys and 214 values
[06:23:46] [Server thread/INFO]: [com.magmaguy.shaded.reflections.Reflections] Reflections took 9 ms to scan 1 urls, producing 1 keys and 15 values
[06:23:46] [Server thread/INFO]: [EliteMobs] WorldGuard compatibility is not enabled!
[06:23:46] [Server thread/INFO]: [EliteMobs] Opened database successfully
[06:23:46] [Server thread/INFO]: [com.magmaguy.shaded.reflections.Reflections] Reflections took 28 ms to scan 1 urls, producing 1 keys and 116 values
[06:23:48] [Server thread/INFO]: [com.magmaguy.shaded.reflections.Reflections] Reflections took 8 ms to scan 1 urls, producing 1 keys and 58 values
[06:23:48] [Server thread/WARN]: [EliteMobs] File  /workspaces/Server/./em_primis_wormhole does not exist!
[06:23:48] [Server thread/WARN]: [EliteMobs] File  /workspaces/Server/./em_oasis_wormhole does not exist!
[06:23:48] [Server thread/INFO]: [com.magmaguy.shaded.reflections.Reflections] Reflections took 20 ms to scan 1 urls, producing 1 keys and 134 values
[06:23:48] [Server thread/INFO]: [com.magmaguy.shaded.reflections.Reflections] Reflections took 4 ms to scan 1 urls, producing 1 keys and 1 values
[06:23:48] [Server thread/INFO]: [com.magmaguy.shaded.reflections.Reflections] Reflections took 10 ms to scan 1 urls, producing 1 keys and 31 values
[06:23:48] [Server thread/INFO]: [com.magmaguy.shaded.reflections.Reflections] Reflections took 5 ms to scan 1 urls, producing 1 keys and 23 values
[06:23:48] [Server thread/INFO]: [com.magmaguy.shaded.reflections.Reflections] Reflections took 4 ms to scan 1 urls, producing 1 keys and 1 values
[06:23:48] [Server thread/INFO]: [com.magmaguy.shaded.reflections.Reflections] Reflections took 4 ms to scan 1 urls, producing 1 keys and 8 values
[06:23:48] [Server thread/INFO]: [com.magmaguy.shaded.reflections.Reflections] Reflections took 4 ms to scan 1 urls, producing 1 keys and 4 values
[06:23:49] [Server thread/INFO]: [EssentialsChat] Enabling EssentialsChat v2.20.1
[06:23:49] [Server thread/INFO]: [EssentialsChat] Starting Metrics. Opt-out using the global bStats config.
[06:23:49] [Server thread/INFO]: [spark] Enabling spark v1.10.71
[06:23:49] [Server thread/INFO]: [spark] Using Paper ServerTickStartEvent for tick monitoring
[06:23:49] [Server thread/INFO]: [spark] Starting background profiler...
[06:23:50] [Server thread/INFO]: [Images] Enabling Images v2.4.0
[06:23:50] [Server thread/INFO]: [BetterStructures] Enabling BetterStructures v1.6.11
[06:23:50] [Server thread/INFO]: [BetterStructures]     ____       __  __            _____ __                  __                      
[06:23:50] [Server thread/INFO]: [BetterStructures]    / __ )___  / /_/ /____  _____/ ___// /________  _______/ /___  __________  _____
[06:23:50] [Server thread/INFO]: [BetterStructures]   / __  / _ \/ __/ __/ _ \/ ___/\__ \/ __/ ___/ / / / ___/ __/ / / / ___/ _ \/ ___/
[06:23:50] [Server thread/INFO]: [BetterStructures]  / /_/ /  __/ /_/ /_/  __/ /   ___/ / /_/ /  / /_/ / /__/ /_/ /_/ / /  /  __(__  ) 
[06:23:50] [Server thread/INFO]: [BetterStructures] /_____/\___/\__/\__/\___/_/   /____/\__/_/   \__,_/\___/\__/\__,_/_/   \___/____/
[06:23:50] [Server thread/INFO]: [BetterStructures] Initialized version 1.6.11!
[06:23:50] [Server thread/INFO]: [playit-gg] Enabling playit-gg v0.1.4
[06:23:50] [Server thread/INFO]: [ViaRewind-Legacy-Support] Enabling ViaRewind-Legacy-Support v1.5.1
[06:23:50] [Server thread/INFO]: [EssentialsSpawn] Enabling EssentialsSpawn v2.20.1
[06:23:50] [Server thread/INFO]: [EssentialsSpawn] Starting Metrics. Opt-out using the global bStats config.
[06:23:50] [Server thread/INFO]: [VeinMiner] Enabling VeinMiner v2.2.4
[06:23:51] [Server thread/INFO]: [VeinMiner] Using SQLITE for persistent storage.
[06:23:51] [Server thread/INFO]: [VeinMiner] Loading configuration options to local memory
[06:23:51] [Server thread/INFO]: [VeinMiner] Added 13 aliases.
[06:23:51] [Server thread/INFO]: [VeinMiner] Registered category with id "Axe" holding 6 unique items and 26 unique blocks.
[06:23:51] [Server thread/INFO]: [VeinMiner] Registered category with id "Hoe" holding 6 unique items and 10 unique blocks.
[06:23:51] [Server thread/INFO]: [VeinMiner] Registered category with id "Pickaxe" holding 6 unique items and 23 unique blocks.
[06:23:51] [Server thread/INFO]: [VeinMiner] Registered category with id "Shears" holding 1 unique items and 27 unique blocks.
[06:23:51] [Server thread/INFO]: [VeinMiner] Registered category with id "Shovel" holding 6 unique items and 10 unique blocks.
[06:23:51] [Server thread/WARN]: [VeinMiner] No block list configured for category with id "Hand"! Is this intentional?
[06:23:51] [Server thread/INFO]: [VeinMiner] Registered category with id "Hand" holding 0 unique items and 0 unique blocks.
[06:23:51] [Server thread/INFO]: [VeinMiner] Performing an update check!
[06:23:51] [Server thread/INFO]: [VeinMiner] Registering commands
[06:23:51] [Server thread/INFO]: [VeinMiner] Registering events
[06:23:51] [Server thread/INFO]: [VeinMiner] Vault not found. Economy support suspended
[06:23:51] [Server thread/INFO]: [VeinMiner] Enabling Plugin Metrics
[06:23:51] [Server thread/INFO]: [VeinMiner] Thanks for enabling Metrics! The anonymous stats are appreciated
[06:23:51] [ForkJoinPool.commonPool-worker-1/INFO]: [VeinMiner] You are on the latest version of VeinMiner.
[06:23:51] [Server thread/INFO]: Running delayed init tasks
[06:23:51] [Server thread/INFO]: Done (29.913s)! For help, type "help"
[06:23:51] [Server thread/INFO]: *************************************************************************************
[06:23:51] [Server thread/INFO]: This is the first time you're starting this server.
[06:23:51] [Server thread/INFO]: It's recommended you read our 'Getting Started' documentation for guidance.
[06:23:51] [Server thread/INFO]: View this and more helpful information here: https://docs.papermc.io/paper/next-steps
[06:23:51] [Server thread/INFO]: *************************************************************************************
[06:23:51] [Craft Scheduler Thread - 1 - ViaVersion/INFO]: [ViaVersion] Finished mapping loading, shutting down loader executor!
[06:23:51] [Server thread/INFO]: Timings Reset
[06:23:51] [Craft Scheduler Thread - 4 - Essentials/INFO]: [Essentials] Fetching version information...
[06:23:51] [Craft Scheduler Thread - 1 - EliteMobs/INFO]: [EliteMobs] Latest public release is 9.0.3
[06:23:51] [Craft Scheduler Thread - 1 - EliteMobs/INFO]: [EliteMobs] Your version is 8.7.16
[06:23:51] [Craft Scheduler Thread - 3 - BetterStructures/INFO]: [BetterStructures] Latest public release is 1.6.11
[06:23:51] [Craft Scheduler Thread - 3 - BetterStructures/INFO]: [BetterStructures] Your version is 1.6.11
[06:23:51] [Server thread/INFO]: [Essentials] CONSOLE issued server command: /list 
[06:23:51] [Server thread/INFO]: There are 0 out of maximum 20 players online.
[06:23:51] [Craft Scheduler Thread - 3 - BetterStructures/INFO]: [BetterStructures] You are running the latest version!
[06:23:51] [Craft Scheduler Thread - 1 - EliteMobs/WARN]: [EliteMobs] [EliteMobs] A newer version of this plugin is available for download!
[06:23:53] [Craft Scheduler Thread - 4 - Images/INFO]: [Images] Loaded 0 images...
[06:23:53] [Thread-14/INFO]: [gg.playit.minecraft.PlayitKeysSetup] secret key not set, generate claim code: e753b18df1e3a272
[06:23:53] [Thread-14/INFO]: [gg.playit.minecraft.PlayitKeysSetup] trying to exchange claim code for secret
[06:23:54] [Thread-14/INFO]: [gg.playit.minecraft.PlayitKeysSetup] failed to exchange, to claim visit: https://playit.gg/mc/e753b18df1e3a272
[06:23:57] [Thread-14/INFO]: [gg.playit.minecraft.PlayitKeysSetup] trying to exchange claim code for secret
[06:23:57] [Thread-14/INFO]: [gg.playit.minecraft.PlayitKeysSetup] failed to exchange, to claim visit: https://playit.gg/mc/e753b18df1e3a272
[06:24:00] [Thread-14/INFO]: [gg.playit.minecraft.PlayitKeysSetup] trying to exchange claim code for secret
[06:24:00] [Thread-14/INFO]: [gg.playit.minecraft.PlayitKeysSetup] failed to exchange, to claim visit: https://playit.gg/mc/e753b18df1e3a272
[06:24:03] [Thread-14/INFO]: [gg.playit.minecraft.PlayitKeysSetup] trying to exchange claim code for secret
[06:24:04] [Thread-14/INFO]: [gg.playit.minecraft.PlayitKeysSetup] failed to exchange, to claim visit: https://playit.gg/mc/e753b18df1e3a272
[06:24:07] [Thread-14/INFO]: [gg.playit.minecraft.PlayitKeysSetup] trying to exchange claim code for secret
[06:24:08] [Thread-14/INFO]: [gg.playit.minecraft.PlayitKeysSetup] failed to exchange, to claim visit: https://playit.gg/mc/e753b18df1e3a272
[06:24:11] [Thread-14/INFO]: [gg.playit.minecraft.PlayitKeysSetup] trying to exchange claim code for secret
[06:24:11] [Thread-14/INFO]: [gg.playit.minecraft.PlayitKeysSetup] failed to exchange, to claim visit: https://playit.gg/mc/e753b18df1e3a272
[06:24:14] [Thread-14/INFO]: [gg.playit.minecraft.PlayitKeysSetup] trying to exchange claim code for secret
[06:24:14] [Thread-14/INFO]: [gg.playit.minecraft.PlayitKeysSetup] failed to exchange, to claim visit: https://playit.gg/mc/e753b18df1e3a272
[06:24:17] [Thread-14/INFO]: [gg.playit.minecraft.PlayitKeysSetup] trying to exchange claim code for secret
[06:24:18] [Thread-14/INFO]: [gg.playit.minecraft.PlayitKeysSetup] failed to exchange, to claim visit: https://playit.gg/mc/e753b18df1e3a272
[06:24:21] [Thread-14/INFO]: [gg.playit.minecraft.PlayitKeysSetup] trying to exchange claim code for secret
[06:24:21] [Thread-14/INFO]: [gg.playit.minecraft.PlayitKeysSetup] check secret
[06:24:22] [Thread-14/INFO]: [gg.playit.minecraft.PlayitKeysSetup] create new minecraft java tunnel
[06:24:29] [Thread-14/INFO]: [gg.playit.minecraft.PlayitKeysSetup] found minecraft java tunnel: search-lafayette.joinmc.link
[06:24:29] [Thread-14/INFO]: [gg.playit.minecraft.PlayitManager] keys and tunnel setup
[06:24:29] [Thread-14/INFO]: playit.gg: WARNING:  plugin is running with a guest account
[06:24:29] [Thread-14/INFO]: playit.gg: see server console for setup URL
[06:24:29] [Thread-14/INFO]: [gg.playit.minecraft.PlayitManager] setup playit.gg account: https://playit.gg/login/guest-account/000100000000000000000009fa33668cd79d01000000000293e20885c3df32cdcbab6ad38c6c7c45b36e802219be28d000a2f8b520f0af15
[06:24:29] [Thread-14/INFO]: playit.gg: tunnel setup
[06:24:29] [Thread-14/INFO]: playit.gg: search-lafayette.joinmc.link
[06:24:29] [Thread-14/WARN]: [gg.playit.control.ChannelSetup] Got IO error working with :control.playit.gg/2602:fbaf:848:0:0:0:0:1, error : java.net.SocketException: Network is unreachable
[06:24:29] [Thread-14/INFO]: [gg.playit.control.ChannelSetup] request queued, waiting 1 second before resend
[06:24:30] [Thread-14/INFO]: [gg.playit.control.ChannelSetup] request queued, waiting 1 second before resend
[06:25:53] [Thread-14/INFO]: [gg.playit.minecraft.PlayitManager] got new client: NewClient{connectAddr=209.25.142.194:14648, peerAddr=27.71.84.68:56843, claimAddress=209.25.142.2:43790, claimToken=[44, 0, 60, -47, 25, -114, -62, 57, 56, 27, 71, 84, 68, -34, 11, -12, 39, -97, 2, -85, 14, 102, -116, -41, -15, 0, 0, 0, 0, 0, 9, -6, 51, 0, 0, 0, 0, 0, 51, -31, -2, 64, 2, -85, 14, 0, 0, 0, 0, 18, 0, 0, 0, 0, 0, 0, 0, 4, 0, 1, -114, -128, -104, -50, 62, -28, -7, 94, -116, 120, -92, 123, 82, 4, 97, 16], tunnelServerId=4, dataCenterId=18}
[06:25:53] [Thread-14/INFO]: [gg.playit.minecraft.PlayitManager] starting tcp tunnel for client
[06:25:53] [Thread-14/INFO]: [gg.playit.minecraft.PlayitTcpTunnel] start connection to /209.25.142.2:43790 to claim client
[06:25:53] [nioEventLoopGroup-2-1/INFO]: [gg.playit.minecraft.PlayitTcpTunnel] connected to tunnel server, sending claim token
[06:25:53] [nioEventLoopGroup-2-1/INFO]: [gg.playit.minecraft.PlayitTcpTunnel] claim token sent
[06:25:53] [nioEventLoopGroup-2-1/INFO]: [gg.playit.minecraft.PlayitTcpTunnel] connection to tunnel server has been established
[06:25:53] [nioEventLoopGroup-2-1/INFO]: [gg.playit.minecraft.PlayitTcpTunnel] Reflect: ReflectionHelper{ServerConnection=class net.minecraft.server.network.ServerConnection, LegacyPingHandler=class net.minecraft.server.network.LegacyPingHandler, MinecraftServer=class net.minecraft.server.MinecraftServer, PacketSplitter=class net.minecraft.network.PacketSplitter, PacketDecoder=class net.minecraft.network.PacketDecoder, EnumProtocolDirection=class net.minecraft.network.protocol.EnumProtocolDirection, PacketPrepender=class net.minecraft.network.PacketPrepender, PacketEncoder=class net.minecraft.network.PacketEncoder, NetworkManagerServer=class net.minecraft.network.NetworkManagerServer, NetworkManager=class net.minecraft.network.NetworkManager, HandshakeListener=class net.minecraft.server.network.HandshakeListener, PacketListener=interface net.minecraft.network.PacketListener, CraftServer=null}
[06:25:53] [nioEventLoopGroup-2-1/INFO]: [gg.playit.minecraft.PlayitTcpTunnel] failed to get Minecraft server from Bukkit.getServer()
[06:25:53] [nioEventLoopGroup-2-1/INFO]: [gg.playit.minecraft.PlayitTcpTunnel] connecting to minecraft server at localhost/127.0.0.1:25565
[06:25:53] [nioEventLoopGroup-2-2/INFO]: [gg.playit.minecraft.PlayitTcpTunnel] connected to local minecraft server
[06:25:57] [Thread-14/INFO]: [gg.playit.minecraft.PlayitManager] got new client: NewClient{connectAddr=209.25.142.194:14648, peerAddr=27.71.84.68:14832, claimAddress=209.25.142.2:43790, claimToken=[44, 0, 60, -47, 25, -114, -62, 57, 56, 27, 71, 84, 68, 57, -16, -109, -108, 68, 125, -85, 14, 102, -116, -41, -11, 0, 0, 0, 0, 0, 9, -6, 51, 0, 0, 0, 0, 0, 51, -31, -2, -24, 125, -85, 14, 0, 0, 0, 0, 18, 0, 0, 0, 0, 0, 0, 0, 5, 0, 1, -115, 64, -15, -19, -93, -125, -95, 115, 18, -96, -116, 92, -94, -65, -13, -72], tunnelServerId=5, dataCenterId=18}
[06:25:57] [Thread-14/INFO]: [gg.playit.minecraft.PlayitManager] starting tcp tunnel for client
[06:25:57] [Thread-14/INFO]: [gg.playit.minecraft.PlayitTcpTunnel] start connection to /209.25.142.2:43790 to claim client
[06:25:57] [nioEventLoopGroup-2-3/INFO]: [gg.playit.minecraft.PlayitTcpTunnel] connected to tunnel server, sending claim token
[06:25:57] [nioEventLoopGroup-2-3/INFO]: [gg.playit.minecraft.PlayitTcpTunnel] claim token sent
[06:25:57] [nioEventLoopGroup-2-3/INFO]: [gg.playit.minecraft.PlayitTcpTunnel] connection to tunnel server has been established
[06:25:57] [nioEventLoopGroup-2-3/INFO]: [gg.playit.minecraft.PlayitTcpTunnel] Reflect: ReflectionHelper{ServerConnection=class net.minecraft.server.network.ServerConnection, LegacyPingHandler=class net.minecraft.server.network.LegacyPingHandler, MinecraftServer=class net.minecraft.server.MinecraftServer, PacketSplitter=class net.minecraft.network.PacketSplitter, PacketDecoder=class net.minecraft.network.PacketDecoder, EnumProtocolDirection=class net.minecraft.network.protocol.EnumProtocolDirection, PacketPrepender=class net.minecraft.network.PacketPrepender, PacketEncoder=class net.minecraft.network.PacketEncoder, NetworkManagerServer=class net.minecraft.network.NetworkManagerServer, NetworkManager=class net.minecraft.network.NetworkManager, HandshakeListener=class net.minecraft.server.network.HandshakeListener, PacketListener=interface net.minecraft.network.PacketListener, CraftServer=null}
[06:25:57] [nioEventLoopGroup-2-3/INFO]: [gg.playit.minecraft.PlayitTcpTunnel] failed to get Minecraft server from Bukkit.getServer()
[06:25:57] [nioEventLoopGroup-2-3/INFO]: [gg.playit.minecraft.PlayitTcpTunnel] connecting to minecraft server at localhost/127.0.0.1:25565
[06:25:57] [nioEventLoopGroup-2-4/INFO]: [gg.playit.minecraft.PlayitTcpTunnel] connected to local minecraft server
[06:25:58] [User Authenticator #0/INFO]: UUID of player Pekora_UwU is 2ba9f7b0-1af9-3ae7-9172-6c0ec42ae8de
[06:25:59] [Server thread/INFO]: Pekora_UwU joined the game
[06:25:59] [Server thread/INFO]: Pekora_UwU[/127.0.0.1:49724] logged in with entity id 376 at ([world]5.5, 93.0, 9.5)
[06:25:59] [Server thread/WARN]: [Essentials] File motd.txt does not exist. Creating one for you.
[06:25:59] [Server thread/INFO]: Pekora_UwU has made the advancement [Getting an Upgrade]
[06:26:00] [Craft Scheduler Thread - 14 - EliteMobs/INFO]: [EliteMobs] No player entry detected, generating new entry!
[06:26:15] [Server thread/INFO]: Made Pekora_UwU a server operator
[06:26:21] [Server thread/INFO]: Pekora_UwU issued server command: /gamemode creative
[06:26:37] [Server thread/INFO]: Pekora_UwU issued server command: /summon minecraft:zoglin
[06:26:37] [Server thread/INFO]: [Pekora_UwU: Summoned new Zoglin]
[06:27:17] [Server thread/INFO]: Pekora_UwU issued server command: /gamemode survival
[06:27:29] [nioEventLoopGroup-2-3/WARN]: [io.netty.channel.DefaultChannelPipeline] An exceptionCaught() event was fired, and it reached at the tail of the pipeline. It usually means the last handler in the pipeline did not handle the exception.
java.net.SocketException: Connection reset
	at sun.nio.ch.SocketChannelImpl.throwConnectionReset(SocketChannelImpl.java:401) ~[?:?]
	at sun.nio.ch.SocketChannelImpl.read(SocketChannelImpl.java:434) ~[?:?]
	at io.netty.buffer.PooledByteBuf.setBytes(PooledByteBuf.java:254) ~[netty-buffer-4.1.97.Final.jar:4.1.97.Final]
	at io.netty.buffer.AbstractByteBuf.writeBytes(AbstractByteBuf.java:1132) ~[netty-buffer-4.1.97.Final.jar:4.1.97.Final]
	at io.netty.channel.socket.nio.NioSocketChannel.doReadBytes(NioSocketChannel.java:357) ~[netty-transport-4.1.97.Final.jar:4.1.97.Final]
	at io.netty.channel.nio.AbstractNioByteChannel$NioByteUnsafe.read(AbstractNioByteChannel.java:151) ~[netty-transport-4.1.97.Final.jar:4.1.97.Final]
	at io.netty.channel.nio.NioEventLoop.processSelectedKey(NioEventLoop.java:788) ~[netty-transport-4.1.97.Final.jar:4.1.97.Final]
	at io.netty.channel.nio.NioEventLoop.processSelectedKeysOptimized(NioEventLoop.java:724) ~[netty-transport-4.1.97.Final.jar:4.1.97.Final]
	at io.netty.channel.nio.NioEventLoop.processSelectedKeys(NioEventLoop.java:650) ~[netty-transport-4.1.97.Final.jar:4.1.97.Final]
	at io.netty.channel.nio.NioEventLoop.run(NioEventLoop.java:562) ~[netty-transport-4.1.97.Final.jar:4.1.97.Final]
	at io.netty.util.concurrent.SingleThreadEventExecutor$4.run(SingleThreadEventExecutor.java:997) ~[netty-common-4.1.97.Final.jar:4.1.97.Final]
	at io.netty.util.internal.ThreadExecutorMap$2.run(ThreadExecutorMap.java:74) ~[netty-common-4.1.97.Final.jar:4.1.97.Final]
	at io.netty.util.concurrent.FastThreadLocalRunnable.run(FastThreadLocalRunnable.java:30) ~[netty-common-4.1.97.Final.jar:4.1.97.Final]
	at java.lang.Thread.run(Thread.java:1583) ~[?:?]
[06:27:29] [nioEventLoopGroup-2-3/WARN]: [gg.playit.minecraft.PlayitTcpTunnel] failed to send data to tunnel
[06:27:29] [Server thread/INFO]: Pekora_UwU lost connection: Disconnected
[06:27:29] [Server thread/INFO]: Pekora_UwU left the game
[06:28:01] [Server thread/INFO]: Stopping the server
[06:28:01] [Server thread/INFO]: Stopping server
[06:28:01] [Server thread/INFO]: [VeinMiner] Disabling VeinMiner v2.2.4
[06:28:01] [Server thread/INFO]: [VeinMiner] Clearing localized data
[06:28:01] [Server thread/INFO]: [SkinsRestorer] Disabling SkinsRestorer v15.0.15
[06:28:01] [Server thread/INFO]: [EssentialsSpawn] Disabling EssentialsSpawn v2.20.1
[06:28:01] [Server thread/INFO]: [ViaRewind-Legacy-Support] Disabling ViaRewind-Legacy-Support v1.5.1
[06:28:01] [Server thread/INFO]: [playit-gg] Disabling playit-gg v0.1.4
[06:28:01] [Server thread/INFO]: [BetterStructures] Disabling BetterStructures v1.6.11
[06:28:01] [Server thread/INFO]: [BetterStructures] Shutdown!
[06:28:01] [Server thread/INFO]: [Images] Disabling Images v2.4.0
[06:28:01] [Server thread/INFO]: [spark] Disabling spark v1.10.71
[06:28:01] [Server thread/INFO]: [EssentialsChat] Disabling EssentialsChat v2.20.1
[06:28:01] [Server thread/INFO]: [ViaRewind] Disabling ViaRewind v4.0.1
[06:28:01] [Server thread/INFO]: [EliteMobs] Disabling EliteMobs v8.7.16
[06:28:01] [Server thread/INFO]: [EliteMobs] Starting EliteMobs shutdown sequence...
[06:28:01] [Server thread/INFO]: [EliteMobs] Regenerating exploded blocks...
[06:28:01] [Server thread/INFO]: [EliteMobs] Cancelling tasks...
[06:28:01] [Server thread/INFO]: [EliteMobs] Closing wormholes...
[06:28:01] [Server thread/INFO]: [EliteMobs] Spinning Regional Bosses down...
[06:28:01] [Server thread/INFO]: [EliteMobs] Wiping Elite entities clean...
[06:28:01] [Server thread/INFO]: [EliteMobs] Clearing events...
[06:28:01] [Server thread/INFO]: [EliteMobs] Clearing valid worlds...
[06:28:01] [Server thread/INFO]: [EliteMobs] Clearing zone based worlds...
[06:28:01] [Server thread/INFO]: [EliteMobs] Clearing config regional elites...
[06:28:01] [Server thread/INFO]: [EliteMobs] Clearing custom enchantments...
[06:28:01] [Server thread/INFO]: [EliteMobs] Clearing custom items...
[06:28:01] [Server thread/INFO]: [EliteMobs] Clearing Minidungeons...
[06:28:01] [Server thread/INFO]: [EliteMobs] Unregistering placeholders...
[06:28:01] [Server thread/INFO]: [EliteMobs] Unregistering handlers...
[06:28:01] [Server thread/INFO]: [EliteMobs] Clearing Treasure Chests...
[06:28:01] [Server thread/INFO]: [EliteMobs] Untracking quests...
[06:28:01] [Server thread/INFO]: [EliteMobs] Saving EliteMobs databases...
[06:28:01] [Server thread/INFO]: [EliteMobs] All done! Good night.
[06:28:01] [Server thread/INFO]: [Essentials] Disabling Essentials v2.20.1
[06:28:01] [Server thread/INFO]: [ViaBackwards] Disabling ViaBackwards v5.0.1
[06:28:01] [Server thread/INFO]: [FastAsyncWorldEdit] Disabling FastAsyncWorldEdit v2.11.1-SNAPSHOT-846;514da16
[06:28:01] [Server thread/INFO]: Unregistering com.sk89q.worldedit.bukkit.BukkitServerInterface from WorldEdit
[06:28:01] [Server thread/INFO]: [TabTPS] Disabling TabTPS v1.3.24
[06:28:01] [Server thread/INFO]: [LuckPerms] Disabling LuckPerms v5.4.137
[06:28:01] [Server thread/INFO]: [LuckPerms] Starting shutdown process...
[06:28:01] [Server thread/INFO]: [LuckPerms] Closing storage...
[06:28:01] [Server thread/INFO]: [LuckPerms] Goodbye!
[06:28:01] [Server thread/INFO]: [ViaVersion] Disabling ViaVersion v5.0.1
[06:28:01] [Server thread/INFO]: [ViaVersion] ViaVersion is disabling, if this is a reload and you experience issues consider rebooting.
[06:28:01] [Server thread/INFO]: Saving players
[06:28:01] [Server thread/INFO]: Saving worlds
[06:28:01] [Server thread/INFO]: Saving chunks for level 'ServerLevel[world]'/minecraft:overworld
[06:28:01] [Server thread/INFO]: [ChunkHolderManager] Waiting 60s for chunk system to halt for world 'world'
[06:28:01] [Server thread/INFO]: [ChunkHolderManager] Halted chunk system for world 'world'
[06:28:01] [Server thread/INFO]: [ChunkHolderManager] Saving all chunkholders for world 'world'
[06:28:03] [Server thread/INFO]: [ChunkHolderManager] Saved 2209 block chunks, 829 entity chunks, 1 poi chunks in world 'world' in 2.07s
[06:28:03] [Server thread/INFO]: ThreadedAnvilChunkStorage (world): All chunks are saved
[06:28:03] [Server thread/INFO]: Saving chunks for level 'ServerLevel[world_nether]'/minecraft:the_nether
[06:28:03] [Thread-14/INFO]: [gg.playit.minecraft.PlayitManager] control channel shutdown
[06:28:03] [Server thread/INFO]: [ChunkHolderManager] Waiting 60s for chunk system to halt for world 'world_nether'
[06:28:03] [Server thread/INFO]: [ChunkHolderManager] Halted chunk system for world 'world_nether'
[06:28:03] [Server thread/INFO]: [ChunkHolderManager] Saving all chunkholders for world 'world_nether'
[06:28:04] [Server thread/INFO]: [ChunkHolderManager] Saved 2025 block chunks, 529 entity chunks, 0 poi chunks in world 'world_nether' in 0.79s
[06:28:04] [Server thread/INFO]: ThreadedAnvilChunkStorage (DIM-1): All chunks are saved
[06:28:04] [Server thread/INFO]: Saving chunks for level 'ServerLevel[world_the_end]'/minecraft:the_end
[06:28:04] [Server thread/INFO]: [ChunkHolderManager] Waiting 60s for chunk system to halt for world 'world_the_end'
[06:28:04] [Server thread/INFO]: [ChunkHolderManager] Halted chunk system for world 'world_the_end'
[06:28:04] [Server thread/INFO]: [ChunkHolderManager] Saving all chunkholders for world 'world_the_end'
[06:28:05] [Server thread/INFO]: [ChunkHolderManager] Saved 2025 block chunks, 529 entity chunks, 0 poi chunks in world 'world_the_end' in 0.38s
[06:28:05] [Server thread/INFO]: ThreadedAnvilChunkStorage (DIM1): All chunks are saved
[06:28:05] [Server thread/INFO]: ThreadedAnvilChunkStorage: All dimensions are saved
[06:28:05] [Server thread/INFO]: Flushing Chunk IO
[06:28:05] [Server thread/INFO]: Closing Thread Pool
[06:28:05] [Server thread/INFO]: Closing Server
